<?xml version="1.0" encoding="UTF-8"?>
<testng-results ignored="0" total="1" passed="1" failed="0" skipped="0">
  <reporter-output>
  </reporter-output>
  <suite started-at="2023-02-23T22:49:37 IST" name="Default suite" finished-at="2023-02-23T22:50:04 IST" duration-ms="26389">
    <groups>
    </groups>
    <test started-at="2023-02-23T22:49:37 IST" name="Default test" finished-at="2023-02-23T22:50:04 IST" duration-ms="26389">
      <class name="DeOnpackage.DeOnLogin">
        <test-method signature="Open_Browser()[pri:1, instance:DeOnpackage.DeOnLogin@67c33749]" started-at="2023-02-23T22:49:37 IST" name="Open_Browser" finished-at="2023-02-23T22:50:03 IST" duration-ms="26216" status="PASS">
          <reporter-output>
          </reporter-output>
        </test-method> <!-- Open_Browser -->
      </class> <!-- DeOnpackage.DeOnLogin -->
    </test> <!-- Default test -->
  </suite> <!-- Default suite -->
</testng-results>
