<?xml version="1.0" encoding="UTF-8"?>
<testng-results ignored="0" total="1" passed="1" failed="0" skipped="0">
  <reporter-output>
  </reporter-output>
  <suite started-at="2023-07-02T21:09:10 IST" name="Default suite" finished-at="2023-07-02T21:09:31 IST" duration-ms="21118">
    <groups>
    </groups>
    <test started-at="2023-07-02T21:09:10 IST" name="Default test" finished-at="2023-07-02T21:09:31 IST" duration-ms="21118">
      <class name="testcase.jenkinstest1">
        <test-method signature="jenkinstest()[pri:0, instance:testcase.jenkinstest1@6404f418]" started-at="2023-07-02T21:09:10 IST" name="jenkinstest" finished-at="2023-07-02T21:09:31 IST" duration-ms="20934" status="PASS">
          <reporter-output>
          </reporter-output>
        </test-method> <!-- jenkinstest -->
      </class> <!-- testcase.jenkinstest1 -->
    </test> <!-- Default test -->
  </suite> <!-- Default suite -->
</testng-results>
